#
# A fatal error has been detected by the Java Runtime Environment:
#
#  EXCEPTION_ACCESS_VIOLATION (0xc0000005) at pc=0x00007ffbcd74eff7, pid=15456, tid=16324
#
# JRE version: OpenJDK Runtime Environment (14.0.1+7) (build 14.0.1+7)
# Java VM: OpenJDK 64-Bit Server VM (14.0.1+7, mixed mode, sharing, tiered, compressed oops, g1 gc, windows-amd64)
# Problematic frame:
# V  [jvm.dll+0x4eeff7]
#
# No core dump will be written. Minidumps are not enabled by default on client versions of Windows
#
# If you would like to submit a bug report, please visit:
#   https://bugreport.java.com/bugreport/crash.jsp
#

---------------  S U M M A R Y ------------

Command Line: -XX:TieredStopAtLevel=1 -Xverify:none -Dspring.profiles.active=p1 -Dspring.output.ansi.enabled=always -Dcom.sun.management.jmxremote -Dspring.jmx.enabled=true -Dspring.liveBeansView.mbeanDomain -Dspring.application.admin.enabled=true -javaagent:C:\Program Files\JetBrains\IntelliJ IDEA 2020.1.1\lib\idea_rt.jar=60626:C:\Program Files\JetBrains\IntelliJ IDEA 2020.1.1\bin -Dfile.encoding=UTF-8 pl.sdacademy.wiosnademo.WiosnaDemoApplication

Host: Intel(R) Core(TM) i5-8265U CPU @ 1.60GHz, 8 cores, 15G,  Windows 10 , 64 bit Build 17763 (10.0.17763.1158)
Time: Sun May 24 15:36:03 2020 ?rodkowoeuropejski czas letni elapsed time: 3241 seconds (0d 0h 54m 1s)

---------------  T H R E A D  ---------------

Current thread (0x0000021443c1a000):  JavaThread "Catalina-utility-2" [_thread_in_vm, id=16324, stack(0x000000aade500000,0x000000aade600000)]

Stack: [0x000000aade500000,0x000000aade600000],  sp=0x000000aade5fa1f0,  free space=1000k
Native frames: (J=compiled Java code, j=interpreted, Vv=VM code, C=native code)
V  [jvm.dll+0x4eeff7]
V  [jvm.dll+0x4efb8d]
V  [jvm.dll+0x4f0b79]
V  [jvm.dll+0x1069b3]
V  [jvm.dll+0x65e444]
V  [jvm.dll+0x65fcf7]
V  [jvm.dll+0x660700]
C  0x00000214256eb08c

Java frames: (J=compiled Java code, j=interpreted, Vv=VM code)
v  ~RuntimeStub::ic_miss_stub
J 6148 c1 java.util.concurrent.ConcurrentHashMap$CollectionView.toArray([Ljava/lang/Object;)[Ljava/lang/Object; java.base@14.0.1 (204 bytes) @ 0x00000214267802a4 [0x00000214267800e0+0x00000000000001c4]
j  org.apache.catalina.session.StandardSession.keys()[Ljava/lang/String;+12
j  org.apache.catalina.session.StandardSession.expire(Z)V+376
j  org.apache.catalina.session.StandardSession.isValid()Z+63
j  org.apache.catalina.session.ManagerBase.processExpires()V+106
j  org.apache.catalina.session.ManagerBase.backgroundProcess()V+23
j  org.apache.catalina.core.StandardContext.backgroundProcess()V+66
J 6178 c1 org.apache.catalina.core.ContainerBase$ContainerBackgroundProcessor.processChildren(Lorg/apache/catalina/Container;)V (202 bytes) @ 0x000002142678ea34 [0x000002142678e760+0x00000000000002d4]
J 6178 c1 org.apache.catalina.core.ContainerBase$ContainerBackgroundProcessor.processChildren(Lorg/apache/catalina/Container;)V (202 bytes) @ 0x000002142678eb0c [0x000002142678e760+0x00000000000003ac]
J 6178 c1 org.apache.catalina.core.ContainerBase$ContainerBackgroundProcessor.processChildren(Lorg/apache/catalina/Container;)V (202 bytes) @ 0x000002142678eb0c [0x000002142678e760+0x00000000000003ac]
j  org.apache.catalina.core.ContainerBase$ContainerBackgroundProcessor.run()V+5
J 6158 c1 java.util.concurrent.Executors$RunnableAdapter.call()Ljava/lang/Object; java.base@14.0.1 (14 bytes) @ 0x000002142678528c [0x0000021426785220+0x000000000000006c]
J 6157 c1 java.util.concurrent.FutureTask.runAndReset()Z java.base@14.0.1 (125 bytes) @ 0x0000021426784344 [0x0000021426784180+0x00000000000001c4]
J 6155 c1 java.util.concurrent.ScheduledThreadPoolExecutor$ScheduledFutureTask.run()V java.base@14.0.1 (57 bytes) @ 0x000002142678391c [0x0000021426783860+0x00000000000000bc]
j  java.util.concurrent.ThreadPoolExecutor.runWorker(Ljava/util/concurrent/ThreadPoolExecutor$Worker;)V+92 java.base@14.0.1
j  java.util.concurrent.ThreadPoolExecutor$Worker.run()V+5 java.base@14.0.1
j  org.apache.tomcat.util.threads.TaskThread$WrappingRunnable.run()V+4
J 2647 c1 java.lang.Thread.run()V java.base@14.0.1 (17 bytes) @ 0x00000214261d778c [0x00000214261d7720+0x000000000000006c]
v  ~StubRoutines::call_stub

siginfo: EXCEPTION_ACCESS_VIOLATION (0xc0000005), reading address 0x0000000000000008


Register to memory mapping:

RIP=0x00007ffbcd74eff7 jvm.dll
RAX=0x0 is NULL
RBX=0x0000000800010290 is a pointer to class: 
RCX=0x00000000cdaf2900 is an unknown value
RDX=0x000000000003ffff is an unknown value
RSP=0x000000aade5fa1f0 is pointing into the stack for thread: 0x0000021443c1a000
RBP=0x0000000000000001 is an unknown value
RSI=0x000000080040dba8 is pointing into metadata
RDI=0x0000000800410b58 is pointing into metadata
R8 =0x0000021441b8a5b0 points into unknown readable memory: ff ff 03 00 ff ff 03 00
R9 =0x000000aade5fa019 is pointing into the stack for thread: 0x0000021443c1a000
R10=0x0 is NULL
R11=0x0000000000000246 is an unknown value
R12=0x0000000000000008 is an unknown value
R13=0x000000aade5fcc40 is pointing into the stack for thread: 0x0000021443c1a000
R14=0x0 is NULL
R15=0x0000000800010290 is a pointer to class: 


Registers:
RAX=0x0000000000000000, RBX=0x0000000800010290, RCX=0x00000000cdaf2900, RDX=0x000000000003ffff
RSP=0x000000aade5fa1f0, RBP=0x0000000000000001, RSI=0x000000080040dba8, RDI=0x0000000800410b58
R8 =0x0000021441b8a5b0, R9 =0x000000aade5fa019, R10=0x0000000000000000, R11=0x0000000000000246
R12=0x0000000000000008, R13=0x000000aade5fcc40, R14=0x0000000000000000, R15=0x0000000800010290
RIP=0x00007ffbcd74eff7, EFLAGS=0x0000000000010246

Top of Stack: (sp=0x000000aade5fa1f0)
0x000000aade5fa1f0:   0000000800010290 0000000000000001
0x000000aade5fa200:   000000080040dba8 00007ffbcd74ec0e
0x000000aade5fa210:   000000aa00000000 00000214437f9cb8
0x000000aade5fa220:   00000000000000b9 00007ffbcd74fb8d
0x000000aade5fa230:   000000aade5fa590 000000aade5fa330
0x000000aade5fa240:   0000021443c1a000 000000aade5fa430
0x000000aade5fa250:   0000021443c1a000 00007ffbcd751dc3
0x000000aade5fa260:   000000aade5fa338 000000aade5fa338
0x000000aade5fa270:   000000aade5fa3c8 00007ffbcd74d86b
0x000000aade5fa280:   0000021443c1a000 0000021443c1a000
0x000000aade5fa290:   000000080019b670 0000021443c1a000
0x000000aade5fa2a0:   000000080019b670 0000021443c1a000
0x000000aade5fa2b0:   0000021443c1a000 0000021443c1a000
0x000000aade5fa2c0:   000000080019ac80 00007ffbcd7502c2
0x000000aade5fa2d0:   000000aade5fa3d0 0000000800198468
0x000000aade5fa2e0:   000000aade5fb920 00000214437f9cb8 

Instructions: (pc=0x00007ffbcd74eff7)
0x00007ffbcd74eef7:   c1 01 74 30 48 8b 48 08 48 8b 51 08 48 8b 4a 18
0x00007ffbcd74ef07:   48 8b 49 78 48 85 c9 74 1b 48 8b 01 45 33 c9 4c
0x00007ffbcd74ef17:   8b c3 89 6c 24 20 48 8b d7 ff 90 c0 00 00 00 48
0x00007ffbcd74ef27:   85 c0 75 c5 83 7e 08 00 7c 1c 48 85 c0 75 17 48
0x00007ffbcd74ef37:   8b 8e b0 01 00 00 48 85 c9 74 0b 4c 8b c3 48 8b
0x00007ffbcd74ef47:   d7 e8 e3 77 e3 ff 48 8b 5c 24 40 48 8b 6c 24 48
0x00007ffbcd74ef57:   48 8b 74 24 50 48 83 c4 30 5f c3 cc cc cc cc cc
0x00007ffbcd74ef67:   cc cc cc cc cc cc cc cc cc 48 89 5c 24 08 48 89
0x00007ffbcd74ef77:   6c 24 10 48 89 74 24 18 48 89 7c 24 20 41 56 48
0x00007ffbcd74ef87:   83 ec 30 48 8b 59 10 41 0f b6 e8 48 8b 39 44 0f
0x00007ffbcd74ef97:   b6 f2 48 8b 71 08 41 b9 01 00 00 00 4c 8b c6 c7
0x00007ffbcd74efa7:   44 24 20 00 00 00 00 48 8b 03 48 8b d7 48 8b cb
0x00007ffbcd74efb7:   ff 90 c0 00 00 00 83 7b 08 00 4c 8b c0 0f 8c 99
0x00007ffbcd74efc7:   00 00 00 40 84 ed 74 39 48 85 c0 74 39 8b 83 a4
0x00007ffbcd74efd7:   00 00 00 c1 e8 09 a8 01 74 27 41 8b 48 20 8b c1
0x00007ffbcd74efe7:   c1 e8 03 a8 01 75 05 f6 c1 01 75 15 49 8b 40 08
0x00007ffbcd74eff7:   48 8b 48 08 48 8b 05 26 0c 57 00 48 39 41 18 74
0x00007ffbcd74f007:   05 4d 85 c0 75 30 4c 8b c6 48 8b d7 48 8b cb e8
0x00007ffbcd74f017:   f5 75 e3 ff 4c 8b c0 48 85 c0 75 1a 48 8b 8b b0
0x00007ffbcd74f027:   01 00 00 48 85 c9 74 0e 4c 8b c6 48 8b d7 e8 f6
0x00007ffbcd74f037:   76 e3 ff 4c 8b c0 45 84 f6 74 21 4d 85 c0 74 1c
0x00007ffbcd74f047:   41 0f b7 40 28 b9 2d 01 00 00 66 3b c1 72 0d b9
0x00007ffbcd74f057:   32 01 00 00 66 3b c1 77 03 45 33 c0 48 8b 5c 24
0x00007ffbcd74f067:   40 49 8b c0 48 8b 6c 24 48 48 8b 74 24 50 48 8b
0x00007ffbcd74f077:   7c 24 58 48 83 c4 30 41 5e c3 cc cc cc cc cc cc
0x00007ffbcd74f087:   cc cc cc cc cc cc cc cc cc 48 89 5c 24 10 48 89
0x00007ffbcd74f097:   6c 24 18 56 57 41 54 41 56 41 57 48 83 ec 30 4c
0x00007ffbcd74f0a7:   8b 21 4c 8b f1 48 8b 69 10 49 8b f0 4c 8b 79 08
0x00007ffbcd74f0b7:   48 8b fa 49 8b cc e8 5e d8 0c 00 48 3b 2d f7 0c
0x00007ffbcd74f0c7:   57 00 8b d8 74 0d 48 3b 2d f4 0c 57 00 0f 85 ee
0x00007ffbcd74f0d7:   00 00 00 85 db 0f 84 e6 00 00 00 81 fb 2d 01 00
0x00007ffbcd74f0e7:   00 74 4f 8d 90 d1 fe ff ff 4c 8b c6 83 fa 03 49 


Stack slot to memory mapping:
stack at sp + 0 slots: 0x0000000800010290 is a pointer to class: 
stack at sp + 1 slots: 0x0000000000000001 is an unknown value
stack at sp + 2 slots: 0x000000080040dba8 is pointing into metadata
stack at sp + 3 slots: 0x00007ffbcd74ec0e jvm.dll
stack at sp + 4 slots: 0x000000aa00000000 is an unknown value
stack at sp + 5 slots: 0x00000214437f9cb8 points into unknown readable memory: c0 bb 3e 09 07 00 00 00
stack at sp + 6 slots: 0x00000000000000b9 is an unknown value
stack at sp + 7 slots: 0x00007ffbcd74fb8d jvm.dll


---------------  P R O C E S S  ---------------

Threads class SMR info:
_java_thread_list=0x000002144607b230, length=29, elements={
0x00000214412ca800, 0x00000214412cd000, 0x0000021441b71800, 0x0000021441b72800,
0x0000021441b78000, 0x0000021441b79800, 0x0000021441b82000, 0x0000021441b7f800,
0x0000021441b83000, 0x0000021441b7f000, 0x0000021441b7e000, 0x0000021441b84000,
0x0000021441b84800, 0x0000021443c1a000, 0x0000021443c19000, 0x0000021443c1d000,
0x0000021443c1e000, 0x0000021443c18800, 0x0000021443c23800, 0x0000021443c22000,
0x0000021443c20800, 0x0000021443c1f800, 0x0000021443c23000, 0x0000021443c24800,
0x0000021443c1f000, 0x0000021443c21800, 0x0000021443c25800, 0x0000021443c26000,
0x0000021443c27000
}

Java Threads: ( => current thread )
  0x00000214412ca800 JavaThread "Reference Handler" daemon [_thread_blocked, id=21744, stack(0x000000aadcc00000,0x000000aadcd00000)]
  0x00000214412cd000 JavaThread "Finalizer" daemon [_thread_blocked, id=15752, stack(0x000000aadcd00000,0x000000aadce00000)]
  0x0000021441b71800 JavaThread "Signal Dispatcher" daemon [_thread_blocked, id=20372, stack(0x000000aadce00000,0x000000aadcf00000)]
  0x0000021441b72800 JavaThread "Attach Listener" daemon [_thread_blocked, id=21876, stack(0x000000aadcf00000,0x000000aadd000000)]
  0x0000021441b78000 JavaThread "Service Thread" daemon [_thread_blocked, id=15072, stack(0x000000aadd000000,0x000000aadd100000)]
  0x0000021441b79800 JavaThread "C1 CompilerThread0" daemon [_thread_blocked, id=21468, stack(0x000000aadd100000,0x000000aadd200000)]
  0x0000021441b82000 JavaThread "Sweeper thread" daemon [_thread_blocked, id=18072, stack(0x000000aadd200000,0x000000aadd300000)]
  0x0000021441b7f800 JavaThread "Common-Cleaner" daemon [_thread_blocked, id=18860, stack(0x000000aadd300000,0x000000aadd400000)]
  0x0000021441b83000 JavaThread "Notification Thread" daemon [_thread_blocked, id=5684, stack(0x000000aadd500000,0x000000aadd600000)]
  0x0000021441b7f000 JavaThread "RMI TCP Accept-0" daemon [_thread_in_native, id=2524, stack(0x000000aadd600000,0x000000aadd700000)]
  0x0000021441b7e000 JavaThread "RMI Scheduler(0)" daemon [_thread_blocked, id=13416, stack(0x000000aade200000,0x000000aade300000)]
  0x0000021441b84000 JavaThread "HikariPool-1 housekeeper" daemon [_thread_blocked, id=20124, stack(0x000000aade300000,0x000000aade400000)]
  0x0000021441b84800 JavaThread "Catalina-utility-1" [_thread_blocked, id=3104, stack(0x000000aade400000,0x000000aade500000)]
=>0x0000021443c1a000 JavaThread "Catalina-utility-2" [_thread_in_vm, id=16324, stack(0x000000aade500000,0x000000aade600000)]
  0x0000021443c19000 JavaThread "container-0" [_thread_blocked, id=21056, stack(0x000000aade600000,0x000000aade700000)]
  0x0000021443c1d000 JavaThread "http-nio-8080-BlockPoller" daemon [_thread_in_native, id=19296, stack(0x000000aadec00000,0x000000aaded00000)]
  0x0000021443c1e000 JavaThread "http-nio-8080-exec-1" daemon [_thread_blocked, id=20128, stack(0x000000aaded00000,0x000000aadee00000)]
  0x0000021443c18800 JavaThread "http-nio-8080-exec-2" daemon [_thread_blocked, id=16996, stack(0x000000aadee00000,0x000000aadef00000)]
  0x0000021443c23800 JavaThread "http-nio-8080-exec-3" daemon [_thread_blocked, id=17376, stack(0x000000aadef00000,0x000000aadf000000)]
  0x0000021443c22000 JavaThread "http-nio-8080-exec-4" daemon [_thread_blocked, id=10708, stack(0x000000aadf000000,0x000000aadf100000)]
  0x0000021443c20800 JavaThread "http-nio-8080-exec-5" daemon [_thread_blocked, id=21568, stack(0x000000aadf100000,0x000000aadf200000)]
  0x0000021443c1f800 JavaThread "http-nio-8080-exec-6" daemon [_thread_blocked, id=13352, stack(0x000000aadf200000,0x000000aadf300000)]
  0x0000021443c23000 JavaThread "http-nio-8080-exec-7" daemon [_thread_blocked, id=9048, stack(0x000000aadf300000,0x000000aadf400000)]
  0x0000021443c24800 JavaThread "http-nio-8080-exec-8" daemon [_thread_blocked, id=17984, stack(0x000000aadf400000,0x000000aadf500000)]
  0x0000021443c1f000 JavaThread "http-nio-8080-exec-9" daemon [_thread_blocked, id=13372, stack(0x000000aadf500000,0x000000aadf600000)]
  0x0000021443c21800 JavaThread "http-nio-8080-exec-10" daemon [_thread_blocked, id=18124, stack(0x000000aadf600000,0x000000aadf700000)]
  0x0000021443c25800 JavaThread "http-nio-8080-ClientPoller" daemon [_thread_in_native, id=18552, stack(0x000000aadf700000,0x000000aadf800000)]
  0x0000021443c26000 JavaThread "http-nio-8080-Acceptor" daemon [_thread_in_native, id=10140, stack(0x000000aadf800000,0x000000aadf900000)]
  0x0000021443c27000 JavaThread "DestroyJavaVM" [_thread_blocked, id=20948, stack(0x000000aadc500000,0x000000aadc600000)]

Other Threads:
  0x00000214412c1000 VMThread "VM Thread" [stack: 0x000000aadcb00000,0x000000aadcc00000] [id=10528]
  0x00000214422a4800 WatcherThread [stack: 0x000000aadd700000,0x000000aadd800000] [id=19632]
  0x000002141b7a7800 GCTaskThread "GC Thread#0" [stack: 0x000000aadc600000,0x000000aadc700000] [id=19828]
  0x00000214425f3000 GCTaskThread "GC Thread#1" [stack: 0x000000aadd900000,0x000000aadda00000] [id=10904]
  0x0000021442638800 GCTaskThread "GC Thread#2" [stack: 0x000000aadda00000,0x000000aaddb00000] [id=17840]
  0x0000021442639000 GCTaskThread "GC Thread#3" [stack: 0x000000aaddb00000,0x000000aaddc00000] [id=18676]
  0x000002144265a000 GCTaskThread "GC Thread#4" [stack: 0x000000aaddc00000,0x000000aaddd00000] [id=20688]
  0x000002144265b000 GCTaskThread "GC Thread#5" [stack: 0x000000aaddd00000,0x000000aadde00000] [id=744]
  0x0000021443917000 GCTaskThread "GC Thread#6" [stack: 0x000000aade900000,0x000000aadea00000] [id=18152]
  0x0000021443937000 GCTaskThread "GC Thread#7" [stack: 0x000000aadea00000,0x000000aadeb00000] [id=19652]
  0x000002141b7c8800 ConcurrentGCThread "G1 Main Marker" [stack: 0x000000aadc700000,0x000000aadc800000] [id=22060]
  0x000002141b7ca000 ConcurrentGCThread "G1 Conc#0" [stack: 0x000000aadc800000,0x000000aadc900000] [id=19920]
  0x0000021443053000 ConcurrentGCThread "G1 Conc#1" [stack: 0x000000aadd800000,0x000000aadd900000] [id=14624]
  0x00000214411af800 ConcurrentGCThread "G1 Refine#0" [stack: 0x000000aadc900000,0x000000aadca00000] [id=10908]
  0x000002144268c800 ConcurrentGCThread "G1 Refine#1" [stack: 0x000000aadde00000,0x000000aaddf00000] [id=8328]
  0x00000214422d8000 ConcurrentGCThread "G1 Refine#2" [stack: 0x000000aaddf00000,0x000000aade000000] [id=15892]
  0x0000021442664800 ConcurrentGCThread "G1 Refine#3" [stack: 0x000000aade000000,0x000000aade100000] [id=21264]
  0x00000214411b2800 ConcurrentGCThread "G1 Young RemSet Sampling" [stack: 0x000000aadca00000,0x000000aadcb00000] [id=21792]

Threads with active compile tasks:

VM state:not at safepoint (normal execution)

VM Mutex/Monitor currently owned by a thread: None

OutOfMemory and StackOverflow Exception counts:
StackOverflowErrors=3
LinkageErrors=74

Heap address: 0x0000000703600000, size: 4042 MB, Compressed Oops mode: Zero based, Oop shift amount: 3
Narrow klass base: 0x0000000800000000, Narrow klass shift: 3
Compressed class space size: 1073741824 Address: 0x0000000800b30000

Heap:
 garbage-first heap   total 103424K, used 38872K [0x0000000703600000, 0x0000000800000000)
  region size 1024K, 14 young (14336K), 6 survivors (6144K)
 Metaspace       used 62125K, capacity 64020K, committed 64176K, reserved 1103872K
  class space    used 8649K, capacity 9369K, committed 9472K, reserved 1048576K
Heap Regions: E=young(eden), S=young(survivor), O=old, HS=humongous(starts), HC=humongous(continues), CS=collection set, F=free, OA=open archive, CA=closed archive, TAMS=top-at-mark-start (previous, next)
|   0|0x0000000703600000, 0x0000000703700000, 0x0000000703700000|100%|HS|  |TAMS 0x0000000703700000, 0x0000000703600000| Complete 
|   1|0x0000000703700000, 0x0000000703800000, 0x0000000703800000|100%| O|  |TAMS 0x0000000703800000, 0x0000000703700000| Untracked 
|   2|0x0000000703800000, 0x0000000703900000, 0x0000000703900000|100%| O|  |TAMS 0x0000000703900000, 0x0000000703800000| Untracked 
|   3|0x0000000703900000, 0x0000000703a00000, 0x0000000703a00000|100%| O|  |TAMS 0x0000000703a00000, 0x0000000703900000| Untracked 
|   4|0x0000000703a00000, 0x0000000703b00000, 0x0000000703b00000|100%| O|  |TAMS 0x0000000703b00000, 0x0000000703a00000| Untracked 
|   5|0x0000000703b00000, 0x0000000703c00000, 0x0000000703c00000|100%| O|  |TAMS 0x0000000703c00000, 0x0000000703b00000| Untracked 
|   6|0x0000000703c00000, 0x0000000703d00000, 0x0000000703d00000|100%| O|  |TAMS 0x0000000703d00000, 0x0000000703c00000| Untracked 
|   7|0x0000000703d00000, 0x0000000703dbcc00, 0x0000000703e00000| 73%| O|  |TAMS 0x0000000703dbcc00, 0x0000000703d00000| Untracked 
|   8|0x0000000703e00000, 0x0000000703f00000, 0x0000000703f00000|100%| O|  |TAMS 0x0000000703f00000, 0x0000000703e00000| Untracked 
|   9|0x0000000703f00000, 0x0000000704000000, 0x0000000704000000|100%| O|  |TAMS 0x0000000704000000, 0x0000000703f00000| Untracked 
|  10|0x0000000704000000, 0x0000000704100000, 0x0000000704100000|100%| O|  |TAMS 0x0000000704100000, 0x0000000704000000| Untracked 
|  11|0x0000000704100000, 0x0000000704159200, 0x0000000704200000| 34%| O|  |TAMS 0x0000000704159200, 0x0000000704100000| Untracked 
|  12|0x0000000704200000, 0x0000000704300000, 0x0000000704300000|100%| O|  |TAMS 0x0000000704200000, 0x0000000704200000| Untracked 
|  13|0x0000000704300000, 0x0000000704400000, 0x0000000704400000|100%| O|  |TAMS 0x0000000704300000, 0x0000000704300000| Untracked 
|  14|0x0000000704400000, 0x0000000704500000, 0x0000000704500000|100%| O|  |TAMS 0x0000000704400000, 0x0000000704400000| Untracked 
|  15|0x0000000704500000, 0x0000000704600000, 0x0000000704600000|100%| O|  |TAMS 0x0000000704500000, 0x0000000704500000| Untracked 
|  16|0x0000000704600000, 0x0000000704700000, 0x0000000704700000|100%| O|  |TAMS 0x0000000704600000, 0x0000000704600000| Untracked 
|  17|0x0000000704700000, 0x0000000704800000, 0x0000000704800000|100%| O|  |TAMS 0x0000000704700000, 0x0000000704700000| Untracked 
|  18|0x0000000704800000, 0x0000000704900000, 0x0000000704900000|100%| O|  |TAMS 0x0000000704800000, 0x0000000704800000| Untracked 
|  19|0x0000000704900000, 0x0000000704a00000, 0x0000000704a00000|100%| O|  |TAMS 0x0000000704900000, 0x0000000704900000| Untracked 
|  20|0x0000000704a00000, 0x0000000704b00000, 0x0000000704b00000|100%| O|  |TAMS 0x0000000704a00000, 0x0000000704a00000| Untracked 
|  21|0x0000000704b00000, 0x0000000704c00000, 0x0000000704c00000|100%| O|  |TAMS 0x0000000704b00000, 0x0000000704b00000| Untracked 
|  22|0x0000000704c00000, 0x0000000704d00000, 0x0000000704d00000|100%| O|  |TAMS 0x0000000704c00000, 0x0000000704c00000| Untracked 
|  23|0x0000000704d00000, 0x0000000704e00000, 0x0000000704e00000|100%| O|  |TAMS 0x0000000704d00000, 0x0000000704d00000| Untracked 
|  24|0x0000000704e00000, 0x0000000704f00000, 0x0000000704f00000|100%| O|  |TAMS 0x0000000704e00000, 0x0000000704e00000| Untracked 
|  25|0x0000000704f00000, 0x0000000705000000, 0x0000000705000000|100%| O|  |TAMS 0x0000000704f00000, 0x0000000704f00000| Untracked 
|  26|0x0000000705000000, 0x0000000705026e00, 0x0000000705100000| 15%| O|  |TAMS 0x0000000705000000, 0x0000000705000000| Untracked 
|  27|0x0000000705100000, 0x0000000705100000, 0x0000000705200000|  0%| F|  |TAMS 0x0000000705100000, 0x0000000705100000| Untracked 
|  28|0x0000000705200000, 0x0000000705200000, 0x0000000705300000|  0%| F|  |TAMS 0x0000000705200000, 0x0000000705200000| Untracked 
|  29|0x0000000705300000, 0x0000000705300000, 0x0000000705400000|  0%| F|  |TAMS 0x0000000705300000, 0x0000000705300000| Untracked 
|  30|0x0000000705400000, 0x0000000705400000, 0x0000000705500000|  0%| F|  |TAMS 0x0000000705400000, 0x0000000705400000| Untracked 
|  31|0x0000000705500000, 0x0000000705500000, 0x0000000705600000|  0%| F|  |TAMS 0x0000000705500000, 0x0000000705500000| Untracked 
|  32|0x0000000705600000, 0x0000000705600000, 0x0000000705700000|  0%| F|  |TAMS 0x0000000705600000, 0x0000000705600000| Untracked 
|  33|0x0000000705700000, 0x0000000705700000, 0x0000000705800000|  0%| F|  |TAMS 0x0000000705700000, 0x0000000705700000| Untracked 
|  34|0x0000000705800000, 0x0000000705800000, 0x0000000705900000|  0%| F|  |TAMS 0x0000000705800000, 0x0000000705800000| Untracked 
|  35|0x0000000705900000, 0x0000000705900000, 0x0000000705a00000|  0%| F|  |TAMS 0x0000000705900000, 0x0000000705900000| Untracked 
|  36|0x0000000705a00000, 0x0000000705a00000, 0x0000000705b00000|  0%| F|  |TAMS 0x0000000705a00000, 0x0000000705a00000| Untracked 
|  37|0x0000000705b00000, 0x0000000705b00000, 0x0000000705c00000|  0%| F|  |TAMS 0x0000000705b00000, 0x0000000705b00000| Untracked 
|  38|0x0000000705c00000, 0x0000000705c00000, 0x0000000705d00000|  0%| F|  |TAMS 0x0000000705c00000, 0x0000000705c00000| Untracked 
|  39|0x0000000705d00000, 0x0000000705d00000, 0x0000000705e00000|  0%| F|  |TAMS 0x0000000705d00000, 0x0000000705d00000| Untracked 
|  40|0x0000000705e00000, 0x0000000705eb9430, 0x0000000705f00000| 72%| S|CS|TAMS 0x0000000705e00000, 0x0000000705e00000| Complete 
|  41|0x0000000705f00000, 0x0000000706000000, 0x0000000706000000|100%| S|CS|TAMS 0x0000000705f00000, 0x0000000705f00000| Complete 
|  42|0x0000000706000000, 0x0000000706100000, 0x0000000706100000|100%| S|CS|TAMS 0x0000000706000000, 0x0000000706000000| Complete 
|  43|0x0000000706100000, 0x0000000706200000, 0x0000000706200000|100%| S|CS|TAMS 0x0000000706100000, 0x0000000706100000| Complete 
|  44|0x0000000706200000, 0x0000000706200000, 0x0000000706300000|  0%| F|  |TAMS 0x0000000706200000, 0x0000000706200000| Untracked 
|  45|0x0000000706300000, 0x0000000706300000, 0x0000000706400000|  0%| F|  |TAMS 0x0000000706300000, 0x0000000706300000| Untracked 
|  46|0x0000000706400000, 0x0000000706400000, 0x0000000706500000|  0%| F|  |TAMS 0x0000000706400000, 0x0000000706400000| Untracked 
|  47|0x0000000706500000, 0x0000000706600000, 0x0000000706600000|100%| S|CS|TAMS 0x0000000706500000, 0x0000000706500000| Complete 
|  48|0x0000000706600000, 0x0000000706700000, 0x0000000706700000|100%| S|CS|TAMS 0x0000000706600000, 0x0000000706600000| Complete 
|  49|0x0000000706700000, 0x0000000706700000, 0x0000000706800000|  0%| F|  |TAMS 0x0000000706700000, 0x0000000706700000| Untracked 
|  50|0x0000000706800000, 0x0000000706800000, 0x0000000706900000|  0%| F|  |TAMS 0x0000000706800000, 0x0000000706800000| Untracked 
|  51|0x0000000706900000, 0x0000000706900000, 0x0000000706a00000|  0%| F|  |TAMS 0x0000000706900000, 0x0000000706900000| Untracked 
|  52|0x0000000706a00000, 0x0000000706a00000, 0x0000000706b00000|  0%| F|  |TAMS 0x0000000706a00000, 0x0000000706a00000| Untracked 
|  53|0x0000000706b00000, 0x0000000706b00000, 0x0000000706c00000|  0%| F|  |TAMS 0x0000000706b00000, 0x0000000706b00000| Untracked 
|  54|0x0000000706c00000, 0x0000000706c00000, 0x0000000706d00000|  0%| F|  |TAMS 0x0000000706c00000, 0x0000000706c00000| Untracked 
|  55|0x0000000706d00000, 0x0000000706d00000, 0x0000000706e00000|  0%| F|  |TAMS 0x0000000706d00000, 0x0000000706d00000| Untracked 
|  56|0x0000000706e00000, 0x0000000706e00000, 0x0000000706f00000|  0%| F|  |TAMS 0x0000000706e00000, 0x0000000706e00000| Untracked 
|  57|0x0000000706f00000, 0x0000000706f00000, 0x0000000707000000|  0%| F|  |TAMS 0x0000000706f00000, 0x0000000706f00000| Untracked 
|  58|0x0000000707000000, 0x0000000707000000, 0x0000000707100000|  0%| F|  |TAMS 0x0000000707000000, 0x0000000707000000| Untracked 
|  59|0x0000000707100000, 0x0000000707100000, 0x0000000707200000|  0%| F|  |TAMS 0x0000000707100000, 0x0000000707100000| Untracked 
|  60|0x0000000707200000, 0x0000000707200000, 0x0000000707300000|  0%| F|  |TAMS 0x0000000707200000, 0x0000000707200000| Untracked 
|  61|0x0000000707300000, 0x0000000707300000, 0x0000000707400000|  0%| F|  |TAMS 0x0000000707300000, 0x0000000707300000| Untracked 
|  62|0x0000000707400000, 0x0000000707400000, 0x0000000707500000|  0%| F|  |TAMS 0x0000000707400000, 0x0000000707400000| Untracked 
|  63|0x0000000707500000, 0x0000000707500000, 0x0000000707600000|  0%| F|  |TAMS 0x0000000707500000, 0x0000000707500000| Untracked 
|  64|0x0000000707600000, 0x0000000707600000, 0x0000000707700000|  0%| F|  |TAMS 0x0000000707600000, 0x0000000707600000| Untracked 
|  65|0x0000000707700000, 0x0000000707700000, 0x0000000707800000|  0%| F|  |TAMS 0x0000000707700000, 0x0000000707700000| Untracked 
|  66|0x0000000707800000, 0x0000000707800000, 0x0000000707900000|  0%| F|  |TAMS 0x0000000707800000, 0x0000000707800000| Untracked 
|  67|0x0000000707900000, 0x0000000707900000, 0x0000000707a00000|  0%| F|  |TAMS 0x0000000707900000, 0x0000000707900000| Untracked 
|  68|0x0000000707a00000, 0x0000000707a00000, 0x0000000707b00000|  0%| F|  |TAMS 0x0000000707a00000, 0x0000000707a00000| Untracked 
|  69|0x0000000707b00000, 0x0000000707b00000, 0x0000000707c00000|  0%| F|  |TAMS 0x0000000707b00000, 0x0000000707b00000| Untracked 
|  70|0x0000000707c00000, 0x0000000707c00000, 0x0000000707d00000|  0%| F|  |TAMS 0x0000000707c00000, 0x0000000707c00000| Untracked 
|  71|0x0000000707d00000, 0x0000000707d00000, 0x0000000707e00000|  0%| F|  |TAMS 0x0000000707d00000, 0x0000000707d00000| Untracked 
|  72|0x0000000707e00000, 0x0000000707e00000, 0x0000000707f00000|  0%| F|  |TAMS 0x0000000707e00000, 0x0000000707e00000| Untracked 
|  73|0x0000000707f00000, 0x0000000707f00000, 0x0000000708000000|  0%| F|  |TAMS 0x0000000707f00000, 0x0000000707f00000| Untracked 
|  74|0x0000000708000000, 0x0000000708000000, 0x0000000708100000|  0%| F|  |TAMS 0x0000000708000000, 0x0000000708000000| Untracked 
|  75|0x0000000708100000, 0x0000000708100000, 0x0000000708200000|  0%| F|  |TAMS 0x0000000708100000, 0x0000000708100000| Untracked 
|  76|0x0000000708200000, 0x0000000708200000, 0x0000000708300000|  0%| F|  |TAMS 0x0000000708200000, 0x0000000708200000| Untracked 
|  77|0x0000000708300000, 0x0000000708300000, 0x0000000708400000|  0%| F|  |TAMS 0x0000000708300000, 0x0000000708300000| Untracked 
|  78|0x0000000708400000, 0x0000000708400000, 0x0000000708500000|  0%| F|  |TAMS 0x0000000708400000, 0x0000000708400000| Untracked 
|  79|0x0000000708500000, 0x0000000708500000, 0x0000000708600000|  0%| F|  |TAMS 0x0000000708500000, 0x0000000708500000| Untracked 
|  80|0x0000000708600000, 0x0000000708600000, 0x0000000708700000|  0%| F|  |TAMS 0x0000000708600000, 0x0000000708600000| Untracked 
|  81|0x0000000708700000, 0x0000000708700000, 0x0000000708800000|  0%| F|  |TAMS 0x0000000708700000, 0x0000000708700000| Untracked 
|  82|0x0000000708800000, 0x0000000708800000, 0x0000000708900000|  0%| F|  |TAMS 0x0000000708800000, 0x0000000708800000| Untracked 
|  83|0x0000000708900000, 0x0000000708900000, 0x0000000708a00000|  0%| F|  |TAMS 0x0000000708900000, 0x0000000708900000| Untracked 
|  84|0x0000000708a00000, 0x0000000708a00000, 0x0000000708b00000|  0%| F|  |TAMS 0x0000000708a00000, 0x0000000708a00000| Untracked 
|  85|0x0000000708b00000, 0x0000000708b00000, 0x0000000708c00000|  0%| F|  |TAMS 0x0000000708b00000, 0x0000000708b00000| Untracked 
|  86|0x0000000708c00000, 0x0000000708c00000, 0x0000000708d00000|  0%| F|  |TAMS 0x0000000708c00000, 0x0000000708c00000| Untracked 
|  87|0x0000000708d00000, 0x0000000708d00000, 0x0000000708e00000|  0%| F|  |TAMS 0x0000000708d00000, 0x0000000708d00000| Untracked 
|  88|0x0000000708e00000, 0x0000000708e00000, 0x0000000708f00000|  0%| F|  |TAMS 0x0000000708e00000, 0x0000000708e00000| Untracked 
|  89|0x0000000708f00000, 0x0000000708f00000, 0x0000000709000000|  0%| F|  |TAMS 0x0000000708f00000, 0x0000000708f00000| Untracked 
|  90|0x0000000709000000, 0x0000000709000000, 0x0000000709100000|  0%| F|  |TAMS 0x0000000709000000, 0x0000000709000000| Untracked 
|  91|0x0000000709100000, 0x0000000709100000, 0x0000000709200000|  0%| F|  |TAMS 0x0000000709100000, 0x0000000709100000| Untracked 
|  92|0x0000000709200000, 0x0000000709200000, 0x0000000709300000|  0%| F|  |TAMS 0x0000000709200000, 0x0000000709200000| Untracked 
|  93|0x0000000709300000, 0x00000007093fc898, 0x0000000709400000| 98%| E|  |TAMS 0x0000000709300000, 0x0000000709300000| Complete 
|  94|0x0000000709400000, 0x0000000709500000, 0x0000000709500000|100%| E|CS|TAMS 0x0000000709400000, 0x0000000709400000| Complete 
|  95|0x0000000709500000, 0x0000000709600000, 0x0000000709600000|100%| E|CS|TAMS 0x0000000709500000, 0x0000000709500000| Complete 
|  96|0x0000000709600000, 0x0000000709700000, 0x0000000709700000|100%| E|CS|TAMS 0x0000000709600000, 0x0000000709600000| Complete 
| 148|0x000000070ca00000, 0x000000070cb00000, 0x000000070cb00000|100%| E|CS|TAMS 0x000000070ca00000, 0x000000070ca00000| Complete 
| 149|0x000000070cb00000, 0x000000070cc00000, 0x000000070cc00000|100%| E|CS|TAMS 0x000000070cb00000, 0x000000070cb00000| Complete 
| 150|0x000000070cc00000, 0x000000070cd00000, 0x000000070cd00000|100%| E|CS|TAMS 0x000000070cc00000, 0x000000070cc00000| Complete 
| 253|0x0000000713300000, 0x0000000713400000, 0x0000000713400000|100%| E|CS|TAMS 0x0000000713300000, 0x0000000713300000| Complete 

Card table byte_map: [0x00000214358f0000,0x00000214360e0000] _byte_map_base: 0x00000214320d5000

Marking Bits (Prev, Next): (CMBitMap*) 0x000002141b7a83e8, (CMBitMap*) 0x000002141b7a83a8
 Prev Bits: [0x000002143a800000, 0x000002143e728000)
 Next Bits: [0x00000214368d0000, 0x000002143a7f8000)

Polling page: 0x000002141b5d0000

Metaspace:

Usage:
  Non-class:     53.37 MB capacity,    52.22 MB ( 98%) used,   950.16 KB (  2%) free+waste,   225.00 KB ( <1%) overhead. 
      Class:      9.15 MB capacity,     8.45 MB ( 92%) used,   608.16 KB (  6%) free+waste,   111.31 KB (  1%) overhead. 
       Both:     62.52 MB capacity,    60.67 MB ( 97%) used,     1.52 MB (  2%) free+waste,   336.31 KB ( <1%) overhead. 

Virtual space:
  Non-class space:       54.00 MB reserved,      53.42 MB ( 99%) committed 
      Class space:        1.00 GB reserved,       9.25 MB ( <1%) committed 
             Both:        1.05 GB reserved,      62.67 MB (  6%) committed 

Chunk freelists:
   Non-Class:  53.00 KB
       Class:  7.00 KB
        Both:  60.00 KB

MaxMetaspaceSize: 17179869184.00 GB
CompressedClassSpaceSize: 1.00 GB

CodeHeap 'non-profiled nmethods': size=238336Kb used=9938Kb max_used=9938Kb free=228397Kb
 bounds [0x0000021425de0000, 0x00000214267a0000, 0x00000214346a0000]
CodeHeap 'non-nmethods': size=7424Kb used=1347Kb max_used=1347Kb free=6076Kb
 bounds [0x00000214256a0000, 0x0000021425910000, 0x0000021425de0000]
 total_blobs=7120 nmethods=6195 adapters=579
 compilation: enabled
              stopped_count=0, restarted_count=0
 full_count=0

Compilation events (20 events):
Event: 704.192 Thread 0x0000021441b79800 6186   !   1       org.apache.catalina.core.StandardContext::getLoader (38 bytes)
Event: 704.193 Thread 0x0000021441b79800 nmethod 6186 0x0000021426792110 code [0x0000021426792300, 0x0000021426792638]
Event: 824.201 Thread 0x0000021441b79800 6187       1       org.apache.catalina.loader.WebappLoader::getClassLoader (5 bytes)
Event: 824.202 Thread 0x0000021441b79800 nmethod 6187 0x0000021426792890 code [0x0000021426792a20, 0x0000021426792af8]
Event: 864.204 Thread 0x0000021441b79800 6188       1       org.apache.catalina.core.StandardWrapper::backgroundProcess (38 bytes)
Event: 864.205 Thread 0x0000021441b79800 nmethod 6188 0x0000021426792b90 code [0x0000021426792d40, 0x0000021426792f78]
Event: 1004.857 Thread 0x0000021441b79800 6189       1       org.apache.catalina.core.StandardContext::getThreadBindingListener (5 bytes)
Event: 1004.857 Thread 0x0000021441b79800 nmethod 6189 0x0000021426793090 code [0x0000021426793220, 0x00000214267932f8]
Event: 1146.133 Thread 0x0000021441b79800 6190       1       ch.qos.logback.classic.Level::toLevel (98 bytes)
Event: 1146.133 Thread 0x0000021441b79800 nmethod 6190 0x0000021426793390 code [0x0000021426793540, 0x00000214267936d8]
Event: 1154.873 Thread 0x0000021441b79800 6191       1       java.util.concurrent.ConcurrentHashMap$CollectionView::size (8 bytes)
Event: 1154.873 Thread 0x0000021441b79800 nmethod 6191 0x0000021426793790 code [0x0000021426793920, 0x0000021426793a68]
Event: 1174.874 Thread 0x0000021441b79800 6192       1       org.apache.catalina.core.StandardContext::getInstanceManager (5 bytes)
Event: 1174.874 Thread 0x0000021441b79800 nmethod 6192 0x0000021426793b10 code [0x0000021426793ca0, 0x0000021426793d78]
Event: 3231.905 Thread 0x0000021441b79800 6193       1       java.util.concurrent.locks.AbstractQueuedSynchronizer::acquireInterruptibly (36 bytes)
Event: 3231.905 Thread 0x0000021441b79800 nmethod 6193 0x0000021426793e10 code [0x0000021426793fe0, 0x0000021426794278]
Event: 3231.905 Thread 0x0000021441b79800 6194       1       org.apache.catalina.core.StandardServer$2::run (11 bytes)
Event: 3231.905 Thread 0x0000021441b79800 nmethod 6194 0x0000021426794410 code [0x00000214267945a0, 0x00000214267946a8]
Event: 3231.905 Thread 0x0000021441b79800 6195       1       org.apache.catalina.core.StandardServer::access$000 (7 bytes)
Event: 3231.905 Thread 0x0000021441b79800 nmethod 6195 0x0000021426794790 code [0x0000021426794920, 0x00000214267949c8]

GC Heap History (20 events):
Event: 1.652 GC heap before
{Heap before GC invocations=2 (full 0):
 garbage-first heap   total 260096K, used 161584K [0x0000000703600000, 0x0000000800000000)
  region size 1024K, 152 young (155648K), 2 survivors (2048K)
 Metaspace       used 18526K, capacity 19207K, committed 19456K, reserved 1067008K
  class space    used 2539K, capacity 2791K, committed 2816K, reserved 1048576K
}
Event: 1.657 GC heap after
{Heap after GC invocations=3 (full 0):
 garbage-first heap   total 260096K, used 12311K [0x0000000703600000, 0x0000000800000000)
  region size 1024K, 5 young (5120K), 5 survivors (5120K)
 Metaspace       used 18526K, capacity 19207K, committed 19456K, reserved 1067008K
  class space    used 2539K, capacity 2791K, committed 2816K, reserved 1048576K
}
Event: 2.334 GC heap before
{Heap before GC invocations=3 (full 0):
 garbage-first heap   total 260096K, used 160791K [0x0000000703600000, 0x0000000800000000)
  region size 1024K, 151 young (154624K), 5 survivors (5120K)
 Metaspace       used 20400K, capacity 21138K, committed 21296K, reserved 1067008K
  class space    used 2823K, capacity 3127K, committed 3200K, reserved 1048576K
}
Event: 2.340 GC heap after
{Heap after GC invocations=4 (full 0):
 garbage-first heap   total 260096K, used 13487K [0x0000000703600000, 0x0000000800000000)
  region size 1024K, 6 young (6144K), 6 survivors (6144K)
 Metaspace       used 20400K, capacity 21138K, committed 21296K, reserved 1067008K
  class space    used 2823K, capacity 3127K, committed 3200K, reserved 1048576K
}
Event: 2.804 GC heap before
{Heap before GC invocations=5 (full 0):
 garbage-first heap   total 51200K, used 38063K [0x0000000703600000, 0x0000000800000000)
  region size 1024K, 30 young (30720K), 6 survivors (6144K)
 Metaspace       used 22241K, capacity 23033K, committed 23216K, reserved 1069056K
  class space    used 3157K, capacity 3480K, committed 3584K, reserved 1048576K
}
Event: 2.817 GC heap after
{Heap after GC invocations=6 (full 0):
 garbage-first heap   total 155648K, used 14904K [0x0000000703600000, 0x0000000800000000)
  region size 1024K, 4 young (4096K), 4 survivors (4096K)
 Metaspace       used 22241K, capacity 23033K, committed 23216K, reserved 1069056K
  class space    used 3157K, capacity 3480K, committed 3584K, reserved 1048576K
}
Event: 3.724 GC heap before
{Heap before GC invocations=6 (full 0):
 garbage-first heap   total 155648K, used 102968K [0x0000000703600000, 0x0000000800000000)
  region size 1024K, 91 young (93184K), 4 survivors (4096K)
 Metaspace       used 27255K, capacity 28329K, committed 28464K, reserved 1073152K
  class space    used 3789K, capacity 4211K, committed 4224K, reserved 1048576K
}
Event: 3.734 GC heap after
{Heap after GC invocations=7 (full 0):
 garbage-first heap   total 155648K, used 17158K [0x0000000703600000, 0x0000000800000000)
  region size 1024K, 6 young (6144K), 6 survivors (6144K)
 Metaspace       used 27255K, capacity 28329K, committed 28464K, reserved 1073152K
  class space    used 3789K, capacity 4211K, committed 4224K, reserved 1048576K
}
Event: 4.338 GC heap before
{Heap before GC invocations=7 (full 0):
 garbage-first heap   total 155648K, used 79622K [0x0000000703600000, 0x0000000800000000)
  region size 1024K, 69 young (70656K), 6 survivors (6144K)
 Metaspace       used 34622K, capacity 35787K, committed 35888K, reserved 1079296K
  class space    used 4686K, capacity 5166K, committed 5248K, reserved 1048576K
}
Event: 4.344 GC heap after
{Heap after GC invocations=8 (full 0):
 garbage-first heap   total 155648K, used 20550K [0x0000000703600000, 0x0000000800000000)
  region size 1024K, 9 young (9216K), 9 survivors (9216K)
 Metaspace       used 34622K, capacity 35787K, committed 35888K, reserved 1079296K
  class space    used 4686K, capacity 5166K, committed 5248K, reserved 1048576K
}
Event: 4.714 GC heap before
{Heap before GC invocations=9 (full 0):
 garbage-first heap   total 86016K, used 61510K [0x0000000703600000, 0x0000000800000000)
  region size 1024K, 50 young (51200K), 9 survivors (9216K)
 Metaspace       used 40256K, capacity 41614K, committed 41904K, reserved 1085440K
  class space    used 5532K, capacity 6040K, committed 6144K, reserved 1048576K
}
Event: 4.722 GC heap after
{Heap after GC invocations=10 (full 0):
 garbage-first heap   total 86016K, used 22269K [0x0000000703600000, 0x0000000800000000)
  region size 1024K, 6 young (6144K), 6 survivors (6144K)
 Metaspace       used 40256K, capacity 41614K, committed 41904K, reserved 1085440K
  class space    used 5532K, capacity 6040K, committed 6144K, reserved 1048576K
}
Event: 5.111 GC heap before
{Heap before GC invocations=11 (full 0):
 garbage-first heap   total 86016K, used 67325K [0x0000000703600000, 0x0000000800000000)
  region size 1024K, 50 young (51200K), 6 survivors (6144K)
 Metaspace       used 46109K, capacity 47443K, committed 47664K, reserved 1089536K
  class space    used 6468K, capacity 6974K, committed 7040K, reserved 1048576K
}
Event: 5.116 GC heap after
{Heap after GC invocations=12 (full 0):
 garbage-first heap   total 103424K, used 23215K [0x0000000703600000, 0x0000000800000000)
  region size 1024K, 3 young (3072K), 3 survivors (3072K)
 Metaspace       used 46109K, capacity 47443K, committed 47664K, reserved 1089536K
  class space    used 6468K, capacity 6974K, committed 7040K, reserved 1048576K
}
Event: 5.673 GC heap before
{Heap before GC invocations=12 (full 0):
 garbage-first heap   total 103424K, used 81583K [0x0000000703600000, 0x0000000800000000)
  region size 1024K, 60 young (61440K), 3 survivors (3072K)
 Metaspace       used 51266K, capacity 52879K, committed 53168K, reserved 1095680K
  class space    used 7216K, capacity 7830K, committed 7936K, reserved 1048576K
}
Event: 5.678 GC heap after
{Heap after GC invocations=13 (full 0):
 garbage-first heap   total 103424K, used 26256K [0x0000000703600000, 0x0000000800000000)
  region size 1024K, 6 young (6144K), 6 survivors (6144K)
 Metaspace       used 51266K, capacity 52879K, committed 53168K, reserved 1095680K
  class space    used 7216K, capacity 7830K, committed 7936K, reserved 1048576K
}
Event: 6.778 GC heap before
{Heap before GC invocations=13 (full 0):
 garbage-first heap   total 103424K, used 81552K [0x0000000703600000, 0x0000000800000000)
  region size 1024K, 60 young (61440K), 6 survivors (6144K)
 Metaspace       used 56186K, capacity 57964K, committed 58160K, reserved 1099776K
  class space    used 7867K, capacity 8555K, committed 8576K, reserved 1048576K
}
Event: 6.784 GC heap after
{Heap after GC invocations=14 (full 0):
 garbage-first heap   total 103424K, used 28416K [0x0000000703600000, 0x0000000800000000)
  region size 1024K, 6 young (6144K), 6 survivors (6144K)
 Metaspace       used 56186K, capacity 57964K, committed 58160K, reserved 1099776K
  class space    used 7867K, capacity 8555K, committed 8576K, reserved 1048576K
}
Event: 28.554 GC heap before
{Heap before GC invocations=14 (full 0):
 garbage-first heap   total 103424K, used 80640K [0x0000000703600000, 0x0000000800000000)
  region size 1024K, 58 young (59392K), 6 survivors (6144K)
 Metaspace       used 61720K, capacity 63638K, committed 63792K, reserved 1103872K
  class space    used 8599K, capacity 9328K, committed 9344K, reserved 1048576K
}
Event: 28.560 GC heap after
{Heap after GC invocations=15 (full 0):
 garbage-first heap   total 103424K, used 31704K [0x0000000703600000, 0x0000000800000000)
  region size 1024K, 6 young (6144K), 6 survivors (6144K)
 Metaspace       used 61720K, capacity 63638K, committed 63792K, reserved 1103872K
  class space    used 8599K, capacity 9328K, committed 9344K, reserved 1048576K
}

Deoptimization events (14 events):
Event: 2.621 Thread 0x000002141b741800 DEOPT PACKING pc=0x00000214260684c4 sp=0x000000aadc5fd3e0
Event: 2.621 Thread 0x000002141b741800 DEOPT UNPACKING pc=0x00000214256e964e sp=0x000000aadc5fc958 mode 0
Event: 5.330 Thread 0x000002141b741800 DEOPT PACKING pc=0x000002142608812b sp=0x000000aadc5fdb00
Event: 5.330 Thread 0x000002141b741800 DEOPT UNPACKING pc=0x00000214256e964e sp=0x000000aadc5fd008 mode 3
Event: 5.330 Thread 0x000002141b741800 DEOPT PACKING pc=0x000002142609b716 sp=0x000000aadc5fdac0
Event: 5.330 Thread 0x000002141b741800 DEOPT UNPACKING pc=0x00000214256e964e sp=0x000000aadc5fd008 mode 3
Event: 6.785 Thread 0x0000021441b81800 DEOPT PACKING pc=0x0000021425dec904 sp=0x000000aade1fbb10
Event: 6.785 Thread 0x0000021441b81800 DEOPT UNPACKING pc=0x00000214256e964e sp=0x000000aade1fafc8 mode 0
Event: 6.785 Thread 0x0000021441b81800 DEOPT PACKING pc=0x0000021425deec64 sp=0x000000aade1fbbd0
Event: 6.785 Thread 0x0000021441b81800 DEOPT UNPACKING pc=0x00000214256e964e sp=0x000000aade1fb0e0 mode 0
Event: 6.785 Thread 0x0000021441b81800 DEOPT PACKING pc=0x0000021425eb7a7c sp=0x000000aade1fbd10
Event: 6.785 Thread 0x0000021446038000 DEOPT PACKING pc=0x0000021425f2c50c sp=0x000000aadfafca80
Event: 6.785 Thread 0x0000021441b81800 DEOPT UNPACKING pc=0x00000214256e964e sp=0x000000aade1fb1a0 mode 0
Event: 6.785 Thread 0x0000021446038000 DEOPT UNPACKING pc=0x00000214256e964e sp=0x000000aadfafbfa8 mode 0

Classes unloaded (1 events):
Event: 4.739 Thread 0x00000214412c1000 Unloading class 0x0000000800c27c40 'org/springframework/core/GenericTypeResolver$$Lambda$130'

Classes redefined (0 events):
No events

Internal exceptions (20 events):
Event: 5.619 Thread 0x000002141b741800 Exception <a 'java/lang/ClassNotFoundException'{0x000000070699a288}: java/lang/ObjectCustomizer> (0x000000070699a288) 
thrown [./open/src/hotspot/share/classfile/systemDictionary.cpp, line 226]
Event: 5.619 Thread 0x000002141b741800 Exception <a 'java/lang/ClassNotFoundException'{0x00000007069ba0c0}: org/springframework/security/config/annotation/web/configuration/WebSecurityConfigurationCustomizer> (0x00000007069ba0c0) 
thrown [./open/src/hotspot/share/classfile/systemDictionary.cpp, line 226]
Event: 5.620 Thread 0x000002141b741800 Exception <a 'java/lang/ClassNotFoundException'{0x00000007069da8e0}: org/springframework/context/annotation/ImportAwareCustomizer> (0x00000007069da8e0) 
thrown [./open/src/hotspot/share/classfile/systemDictionary.cpp, line 226]
Event: 5.620 Thread 0x000002141b741800 Exception <a 'java/lang/ClassNotFoundException'{0x00000007069ef440}: org/springframework/beans/factory/AwareCustomizer> (0x00000007069ef440) 
thrown [./open/src/hotspot/share/classfile/systemDictionary.cpp, line 226]
Event: 5.620 Thread 0x000002141b741800 Exception <a 'java/lang/ClassNotFoundException'{0x00000007068060b8}: org/springframework/beans/factory/BeanClassLoaderAwareCustomizer> (0x00000007068060b8) 
thrown [./open/src/hotspot/share/classfile/systemDictionary.cpp, line 226]
Event: 5.620 Thread 0x000002141b741800 Exception <a 'java/lang/ClassNotFoundException'{0x000000070681ac28}: org/springframework/beans/factory/AwareCustomizer> (0x000000070681ac28) 
thrown [./open/src/hotspot/share/classfile/systemDictionary.cpp, line 226]
Event: 5.775 Thread 0x000002141b741800 Exception <a 'java/lang/IncompatibleClassChangeError'{0x0000000708fec380}: Found class java.lang.Object, but interface was expected> (0x0000000708fec380) 
thrown [./open/src/hotspot/share/interpreter/linkResolver.cpp, line 832]
Event: 5.832 Thread 0x000002141b741800 Exception <a 'java/lang/IncompatibleClassChangeError'{0x00000007089380c8}: Found class java.lang.Object, but interface was expected> (0x00000007089380c8) 
thrown [./open/src/hotspot/share/interpreter/linkResolver.cpp, line 832]
Event: 6.041 Thread 0x000002141b741800 Exception <a 'java/lang/NoSuchMethodError'{0x00000007076fcdc8}: 'java.lang.Object java.lang.invoke.DirectMethodHandle$Holder.invokeStatic(java.lang.Object, int, java.lang.Object)'> (0x00000007076fcdc8) 
thrown [./open/src/hotspot/share/interpreter/linkResolver.cpp, line 766]
Event: 11.894 Thread 0x0000021443c1e000 Exception <a 'java/lang/NoSuchMethodError'{0x0000000708dae958}: 'void java.lang.invoke.DirectMethodHandle$Holder.invokeStaticInit(java.lang.Object, java.lang.Object, java.lang.Object)'> (0x0000000708dae958) 
thrown [./open/src/hotspot/share/interpreter/linkResolver.cpp, line 766]
Event: 14.207 Thread 0x0000021443c22000 Exception <a 'java/lang/NoSuchMethodError'{0x00000007073cb068}: 'java.lang.Object java.lang.invoke.DirectMethodHandle$Holder.invokeStatic(java.lang.Object, int, java.lang.Object, java.lang.Object)'> (0x00000007073cb068) 
thrown [./open/src/hotspot/share/interpreter/linkResolver.cpp, line 766]
Event: 14.207 Thread 0x0000021443c22000 Exception <a 'java/lang/NoSuchMethodError'{0x00000007073d1ac0}: 'java.lang.Object java.lang.invoke.DirectMethodHandle$Holder.invokeSpecial(java.lang.Object, java.lang.Object, int, java.lang.Object, java.lang.Object)'> (0x00000007073d1ac0) 
thrown [./open/src/hotspot/share/interpreter/linkResolver.cpp, line 766]
Event: 28.574 Thread 0x0000021443c18800 Exception <a 'java/lang/ClassNotFoundException'{0x000000070cc009e8}: java/lang/ObjectCustomizer> (0x000000070cc009e8) 
thrown [./open/src/hotspot/share/classfile/systemDictionary.cpp, line 226]
Event: 28.575 Thread 0x0000021443c18800 Exception <a 'java/lang/ClassNotFoundException'{0x000000070cc1b580}: pl/sdacademy/wiosnademo/model/UserFormCustomizer> (0x000000070cc1b580) 
thrown [./open/src/hotspot/share/classfile/systemDictionary.cpp, line 226]
Event: 33.012 Thread 0x0000021443c18800 Exception <a 'java/lang/ClassNotFoundException'{0x0000000709560c38}: java/lang/ObjectCustomizer> (0x0000000709560c38) 
thrown [./open/src/hotspot/share/classfile/systemDictionary.cpp, line 226]
Event: 33.014 Thread 0x0000021443c18800 Exception <a 'java/lang/ClassNotFoundException'{0x000000070957c670}: pl/sdacademy/wiosnademo/domain/UserCustomizer> (0x000000070957c670) 
thrown [./open/src/hotspot/share/classfile/systemDictionary.cpp, line 226]
Event: 1038.804 Thread 0x0000021441b80800 Exception <a 'sun/net/ConnectionResetException'{0x000000070933fe38}: Connection reset> (0x000000070933fe38) 
thrown [./open/src/hotspot/share/prims/jni.cpp, line 620]
Event: 1038.804 Thread 0x0000021441b80800 Exception <a 'java/lang/StackOverflowError'{0x0000000709340450}> (0x0000000709340450) 
thrown [./open/src/hotspot/share/runtime/sharedRuntime.cpp, line 584]
Event: 1038.804 Thread 0x0000021441b80800 Exception <a 'java/lang/StackOverflowError'{0x0000000709340748}> (0x0000000709340748) 
thrown [./open/src/hotspot/share/runtime/sharedRuntime.cpp, line 584]
Event: 1038.804 Thread 0x0000021441b80800 Exception <a 'java/lang/StackOverflowError'{0x0000000709340a40}> (0x0000000709340a40) 
thrown [./open/src/hotspot/share/runtime/sharedRuntime.cpp, line 584]

Events (20 events):
Event: 33.012 loading class java/lang/ObjectCustomizer done
Event: 33.018 Executing VM operation: HandshakeOneThread
Event: 33.018 Executing VM operation: HandshakeOneThread done
Event: 33.018 Executing VM operation: HandshakeOneThread
Event: 33.018 Executing VM operation: HandshakeOneThread done
Event: 65.133 Thread 0x0000021443c1b800 Thread exited: 0x0000021443c1b800
Event: 65.392 Thread 0x0000021443c1c800 Thread exited: 0x0000021443c1c800
Event: 81.328 Thread 0x0000021446038000 Thread exited: 0x0000021446038000
Event: 94.963 loading class java/net/SocketTimeoutException
Event: 94.963 loading class java/io/InterruptedIOException
Event: 94.963 loading class java/io/InterruptedIOException done
Event: 94.963 loading class java/net/SocketTimeoutException done
Event: 106.118 Thread 0x0000021441b81800 Thread exited: 0x0000021441b81800
Event: 1038.803 loading class sun/net/ConnectionResetException
Event: 1038.803 loading class java/net/SocketException
Event: 1038.803 loading class java/net/SocketException done
Event: 1038.804 loading class sun/net/ConnectionResetException done
Event: 1038.804 Executing VM operation: HandshakeOneThread
Event: 1038.804 Executing VM operation: HandshakeOneThread done
Event: 1038.804 Thread 0x0000021441b80800 Thread exited: 0x0000021441b80800


Dynamic libraries:
0x00007ff6eebb0000 - 0x00007ff6eebbd000 	C:\Program Files\Java\jdk-14.0.1\bin\java.exe
0x00007ffc17030000 - 0x00007ffc1721d000 	C:\Windows\SYSTEM32\ntdll.dll
0x00007ffc14c90000 - 0x00007ffc14d43000 	C:\Windows\System32\KERNEL32.DLL
0x00007ffc13160000 - 0x00007ffc133f5000 	C:\Windows\System32\KERNELBASE.dll
0x00007ffc13400000 - 0x00007ffc134fa000 	C:\Windows\System32\ucrtbase.dll
0x00007ffc0ee10000 - 0x00007ffc0ee28000 	C:\Program Files\Java\jdk-14.0.1\bin\jli.dll
0x00007ffc111e0000 - 0x00007ffc111f5000 	C:\Program Files\Java\jdk-14.0.1\bin\VCRUNTIME140.dll
0x00007ffc146e0000 - 0x00007ffc14877000 	C:\Windows\System32\USER32.dll
0x00007ffc137c0000 - 0x00007ffc137e0000 	C:\Windows\System32\win32u.dll
0x00007ffc03c60000 - 0x00007ffc03ed9000 	C:\Windows\WinSxS\amd64_microsoft.windows.common-controls_6595b64144ccf1df_6.0.17763.1217_none_de6e4304534e0ad3\COMCTL32.dll
0x00007ffc14d60000 - 0x00007ffc14d89000 	C:\Windows\System32\GDI32.dll
0x00007ffc14590000 - 0x00007ffc1462e000 	C:\Windows\System32\msvcrt.dll
0x00007ffc13fd0000 - 0x00007ffc14169000 	C:\Windows\System32\gdi32full.dll
0x00007ffc15280000 - 0x00007ffc155ac000 	C:\Windows\System32\combase.dll
0x00007ffc137e0000 - 0x00007ffc13880000 	C:\Windows\System32\msvcp_win.dll
0x00007ffc142b0000 - 0x00007ffc143d2000 	C:\Windows\System32\RPCRT4.dll
0x00007ffc13740000 - 0x00007ffc137be000 	C:\Windows\System32\bcryptPrimitives.dll
0x00007ffc16ac0000 - 0x00007ffc16aee000 	C:\Windows\System32\IMM32.DLL
0x00007ffbf8360000 - 0x00007ffbf83fb000 	C:\Program Files\Java\jdk-14.0.1\bin\msvcp140.dll
0x00007ffbcd260000 - 0x00007ffbcdd7e000 	C:\Program Files\Java\jdk-14.0.1\bin\server\jvm.dll
0x00007ffc149b0000 - 0x00007ffc14a53000 	C:\Windows\System32\ADVAPI32.dll
0x00007ffc14630000 - 0x00007ffc146ce000 	C:\Windows\System32\sechost.dll
0x00007ffc14d50000 - 0x00007ffc14d58000 	C:\Windows\System32\PSAPI.DLL
0x00007ffc109f0000 - 0x00007ffc109fa000 	C:\Windows\SYSTEM32\VERSION.dll
0x00007ffc0fa40000 - 0x00007ffc0fa64000 	C:\Windows\SYSTEM32\WINMM.dll
0x00007ffc0fa10000 - 0x00007ffc0fa3d000 	C:\Windows\SYSTEM32\winmmbase.dll
0x00007ffbe4920000 - 0x00007ffbe4929000 	C:\Windows\SYSTEM32\WSOCK32.dll
0x00007ffc13110000 - 0x00007ffc1315a000 	C:\Windows\System32\cfgmgr32.dll
0x00007ffc16f90000 - 0x00007ffc16ffd000 	C:\Windows\System32\WS2_32.dll
0x00007ffc13040000 - 0x00007ffc13051000 	C:\Windows\System32\kernel.appcore.dll
0x00007ffc11440000 - 0x00007ffc1144a000 	C:\Program Files\Java\jdk-14.0.1\bin\jimage.dll
0x00007ffc12b60000 - 0x00007ffc12d4d000 	C:\Windows\SYSTEM32\DBGHELP.DLL
0x00007ffc12a70000 - 0x00007ffc12a9a000 	C:\Windows\SYSTEM32\dbgcore.DLL
0x00007ffc11370000 - 0x00007ffc1137e000 	C:\Program Files\Java\jdk-14.0.1\bin\instrument.dll
0x00007ffc0e2e0000 - 0x00007ffc0e305000 	C:\Program Files\Java\jdk-14.0.1\bin\java.dll
0x00007ffbff4d0000 - 0x00007ffbff4e6000 	C:\Program Files\Java\jdk-14.0.1\bin\zip.dll
0x00007ffc155c0000 - 0x00007ffc16ab4000 	C:\Windows\System32\SHELL32.dll
0x00007ffc14900000 - 0x00007ffc149a8000 	C:\Windows\System32\shcore.dll
0x00007ffc13880000 - 0x00007ffc13fce000 	C:\Windows\System32\windows.storage.dll
0x00007ffc13060000 - 0x00007ffc13084000 	C:\Windows\System32\profapi.dll
0x00007ffc13090000 - 0x00007ffc130ed000 	C:\Windows\System32\powrprof.dll
0x00007ffc14250000 - 0x00007ffc142a2000 	C:\Windows\System32\shlwapi.dll
0x00007ffc130f0000 - 0x00007ffc13107000 	C:\Windows\System32\cryptsp.dll
0x00007ffbff4b0000 - 0x00007ffbff4c9000 	C:\Program Files\Java\jdk-14.0.1\bin\net.dll
0x00007ffc097e0000 - 0x00007ffc098d2000 	C:\Windows\SYSTEM32\WINHTTP.dll
0x00007ffc124b0000 - 0x00007ffc12517000 	C:\Windows\system32\mswsock.dll
0x00007ffbff490000 - 0x00007ffbff4a2000 	C:\Program Files\Java\jdk-14.0.1\bin\nio.dll
0x00007ffbff440000 - 0x00007ffbff45a000 	C:\Program Files\JetBrains\IntelliJ IDEA 2020.1.1\bin\breakgen64.dll
0x00007ffc12210000 - 0x00007ffc122d7000 	C:\Windows\SYSTEM32\DNSAPI.dll
0x00007ffc155b0000 - 0x00007ffc155b8000 	C:\Windows\System32\NSI.dll
0x00007ffc121d0000 - 0x00007ffc1220d000 	C:\Windows\SYSTEM32\IPHLPAPI.DLL
0x00007ffc03560000 - 0x00007ffc0356a000 	C:\Windows\System32\rasadhlp.dll
0x00007ffc01f60000 - 0x00007ffc01fd9000 	C:\Windows\System32\fwpuclnt.dll
0x00007ffc14170000 - 0x00007ffc14196000 	C:\Windows\System32\bcrypt.dll
0x00007ffc0edc0000 - 0x00007ffc0edc9000 	C:\Program Files\Java\jdk-14.0.1\bin\management.dll
0x00007ffc0ed80000 - 0x00007ffc0ed8b000 	C:\Program Files\Java\jdk-14.0.1\bin\management_ext.dll
0x00007ffc12030000 - 0x00007ffc12063000 	C:\Windows\system32\rsaenh.dll
0x00007ffc12f50000 - 0x00007ffc12f78000 	C:\Windows\SYSTEM32\USERENV.dll
0x00007ffc12680000 - 0x00007ffc1268c000 	C:\Windows\SYSTEM32\CRYPTBASE.dll
0x00007ffc06f80000 - 0x00007ffc06f96000 	C:\Windows\SYSTEM32\dhcpcsvc6.DLL
0x00007ffc06f60000 - 0x00007ffc06f7c000 	C:\Windows\SYSTEM32\dhcpcsvc.DLL
0x00007ffbe4ea0000 - 0x00007ffbe4eb6000 	C:\Windows\system32\napinsp.dll
0x00007ffbe4e80000 - 0x00007ffbe4e9a000 	C:\Windows\system32\pnrpnsp.dll
0x00007ffbe4e70000 - 0x00007ffbe4e7e000 	C:\Windows\System32\winrnr.dll
0x00007ffc0ebe0000 - 0x00007ffc0ebfb000 	C:\Windows\system32\NLAapi.dll
0x00007ffc061c0000 - 0x00007ffc061d5000 	C:\Windows\system32\wshbth.dll

dbghelp: loaded successfully - version: 4.0.5 - missing functions: none
symbol engine: initialized successfully - sym options: 0x614 - pdb path: .;C:\Program Files\Java\jdk-14.0.1\bin;C:\Windows\SYSTEM32;C:\Windows\WinSxS\amd64_microsoft.windows.common-controls_6595b64144ccf1df_6.0.17763.1217_none_de6e4304534e0ad3;C:\Program Files\Java\jdk-14.0.1\bin\server;C:\Program Files\JetBrains\IntelliJ IDEA 2020.1.1\bin

VM Arguments:
jvm_args: -XX:TieredStopAtLevel=1 -Xverify:none -Dspring.profiles.active=p1 -Dspring.output.ansi.enabled=always -Dcom.sun.management.jmxremote -Dspring.jmx.enabled=true -Dspring.liveBeansView.mbeanDomain -Dspring.application.admin.enabled=true -javaagent:C:\Program Files\JetBrains\IntelliJ IDEA 2020.1.1\lib\idea_rt.jar=60626:C:\Program Files\JetBrains\IntelliJ IDEA 2020.1.1\bin -Dfile.encoding=UTF-8 
java_command: pl.sdacademy.wiosnademo.WiosnaDemoApplication
java_class_path (initial): C:\Users\Grzegorz\IdeaProjects\sdaspring\target\classes;C:\Users\Grzegorz\.m2\repository\org\springframework\boot\spring-boot-starter-actuator\2.3.0.RELEASE\spring-boot-starter-actuator-2.3.0.RELEASE.jar;C:\Users\Grzegorz\.m2\repository\org\springframework\boot\spring-boot-starter\2.3.0.RELEASE\spring-boot-starter-2.3.0.RELEASE.jar;C:\Users\Grzegorz\.m2\repository\org\springframework\boot\spring-boot\2.3.0.RELEASE\spring-boot-2.3.0.RELEASE.jar;C:\Users\Grzegorz\.m2\repository\org\springframework\boot\spring-boot-autoconfigure\2.3.0.RELEASE\spring-boot-autoconfigure-2.3.0.RELEASE.jar;C:\Users\Grzegorz\.m2\repository\org\springframework\boot\spring-boot-starter-logging\2.3.0.RELEASE\spring-boot-starter-logging-2.3.0.RELEASE.jar;C:\Users\Grzegorz\.m2\repository\ch\qos\logback\logback-classic\1.2.3\logback-classic-1.2.3.jar;C:\Users\Grzegorz\.m2\repository\ch\qos\logback\logback-core\1.2.3\logback-core-1.2.3.jar;C:\Users\Grzegorz\.m2\repository\org\apache\logging\log4j\log4j-to-slf4j\2.13.2\log4j-to-slf4j-2.13.2.jar;C:\Users\Grzegorz\.m2\repository\org\apache\logging\log4j\log4j-api\2.13.2\log4j-api-2.13.2.jar;C:\Users\Grzegorz\.m2\repository\org\slf4j\jul-to-slf4j\1.7.30\jul-to-slf4j-1.7.30.jar;C:\Users\Grzegorz\.m2\repository\jakarta\annotation\jakarta.annotation-api\1.3.5\jakarta.annotation-api-1.3.5.jar;C:\Users\Grzegorz\.m2\repository\org\yaml\snakeyaml\1.26\snakeyaml-1.26.jar;C:\Users\Grzegorz\.m2\repository\org\springframework\boot\spring-boot-actuator-autoconfigure\2.3.0.RELEASE\spring-boot-actuator-autoconfigure-2.3.0.RELEASE.jar;C:\Users\Grzegorz\.m2\repository\org\springframework\boot\spring-boot-actuator\2.3.0.RELEASE\spring-boot-actuator-2.3.0.RELEASE.jar;C:\Users\Grzegorz\.m2\repository\com\fasterxml\jackson\core\jackson-databind\2.11.0\jackson-databind-2.11.0.jar;C:\Users\Grzegorz\.m2\repository\com\fasterxml\jackson\core\jackson-annotations\2.11.0\jackson-annotations-2.11.0.jar;C:\Users\Grzegorz\.m2\repository\com\fasterxml\j
Launcher Type: SUN_STANDARD

[Global flags]
     intx CICompilerCount                          = 4                                         {product} {ergonomic}
     uint ConcGCThreads                            = 2                                         {product} {ergonomic}
     uint G1ConcRefinementThreads                  = 8                                         {product} {ergonomic}
   size_t G1HeapRegionSize                         = 1048576                                   {product} {ergonomic}
    uintx GCDrainStackTargetSize                   = 64                                        {product} {ergonomic}
   size_t InitialHeapSize                          = 266338304                                 {product} {ergonomic}
     bool ManagementServer                         = true                                      {product} {command line}
   size_t MarkStackSize                            = 4194304                                   {product} {ergonomic}
   size_t MaxHeapSize                              = 4238344192                                {product} {ergonomic}
   size_t MaxNewSize                               = 2542796800                                {product} {ergonomic}
   size_t MinHeapDeltaBytes                        = 1048576                                   {product} {ergonomic}
   size_t MinHeapSize                              = 8388608                                   {product} {ergonomic}
    uintx NonNMethodCodeHeapSize                   = 7549744                                {pd product} {ergonomic}
    uintx NonProfiledCodeHeapSize                  = 244108496                              {pd product} {ergonomic}
    uintx ProfiledCodeHeapSize                     = 0                                      {pd product} {ergonomic}
    uintx ReservedCodeCacheSize                    = 251658240                              {pd product} {ergonomic}
     bool SegmentedCodeCache                       = true                                      {product} {ergonomic}
   size_t SoftMaxHeapSize                          = 4238344192                             {manageable} {ergonomic}
     intx TieredStopAtLevel                        = 1                                         {product} {command line}
     bool UseCompressedClassPointers               = true                                 {lp64_product} {ergonomic}
     bool UseCompressedOops                        = true                                 {lp64_product} {ergonomic}
     bool UseG1GC                                  = true                                      {product} {ergonomic}
     bool UseLargePagesIndividualAllocation        = false                                  {pd product} {ergonomic}

Logging:
Log output configuration:
 #0: stdout all=warning uptime,level,tags
 #1: stderr all=off uptime,level,tags

Environment Variables:
JAVA_HOME=C:\Program Files\AdoptOpenJDK\jdk-11.0.5.10-hotspot\
PATH=C:\Python38\Scripts\;C:\Python38\;C:\Program Files\AdoptOpenJDK\jdk-11.0.5.10-hotspot\bin;C:\Windows\system32;C:\Windows;C:\Windows\System32\Wbem;C:\Windows\System32\WindowsPowerShell\v1.0\;C:\Windows\System32\OpenSSH\;C:\Program Files\Intel\WiFi\bin\;C:\Program Files\Common Files\Intel\WirelessCommon\;C:\Program Files\Git\cmd;C:\Program Files\Microsoft VS Code\bin;C:\Program Files\nodejs\;C:\ProgramData\chocolatey\bin;C:\Program Files (x86)\Intel\Intel(R) Management Engine Components\DAL;C:\Program Files\Intel\Intel(R) Management Engine Components\DAL;C:\Program Files\MySQL\MySQL Shell 8.0\bin\;C:\Users\Grzegorz\AppData\Local\Microsoft\WindowsApps;C:\Users\Grzegorz\AppData\Roaming\npm;C:\Program Files\Docker Toolbox;C:\Program Files\heroku\bin;C:\Program Files\Apache Software Foundation\apache-maven-3.6.3\bin;;C:\Program Files\JetBrains\IntelliJ IDEA 2020.1.1\bin;
USERNAME=Grzegorz
OS=Windows_NT
PROCESSOR_IDENTIFIER=Intel64 Family 6 Model 142 Stepping 11, GenuineIntel



---------------  S Y S T E M  ---------------

OS: Windows 10 , 64 bit Build 17763 (10.0.17763.1158)
OS uptime: 1 days 19:25 hours

CPU:total 8 (initial active 8) (4 cores per cpu, 2 threads per core) family 6 model 142 stepping 11, cmov, cx8, fxsr, mmx, sse, sse2, sse3, ssse3, sse4.1, sse4.2, popcnt, avx, avx2, aes, clmul, erms, 3dnowpref, lzcnt, ht, tsc, tscinvbit, bmi1, bmi2, adx, fma

Memory: 4k page, system-wide physical 16160M (9530M free)
TotalPageFile size 19232M (AvailPageFile size 9937M)
current process WorkingSet (physical memory assigned to process): 239M, peak: 243M
current process commit charge ("private bytes"): 290M, peak: 381M

vm_info: OpenJDK 64-Bit Server VM (14.0.1+7) for windows-amd64 JRE (14.0.1+7), built on Mar  5 2020 10:30:04 by "mach5one" with MS VC++ 15.9 (VS2017)

END.
